2022-07-11 09:15:08.776  INFO 4256 --- [           main] c.maitian.bss.modules.AssetsApplication  : Starting AssetsApplication using Java 1.8.0_251 on DESKTOP-CR with PID 4256 (D:\xiaomai\workspace-idea-svn\asset\master\rule-judge-demo\target\classes started by changrui in D:\xiaomai\workspace-idea-svn\asset\master\rule-judge-demo)
2022-07-11 09:15:08.787  INFO 4256 --- [           main] c.maitian.bss.modules.AssetsApplication  : No active profile set, falling back to 1 default profile: "default"
2022-07-11 09:15:12.940  INFO 4256 --- [           main] trationDelegate$BeanPostProcessorChecker : Bean 'spring.datasource.dynamic-com.baomidou.dynamic.datasource.spring.boot.autoconfigure.DynamicDataSourceProperties' of type [com.baomidou.dynamic.datasource.spring.boot.autoconfigure.DynamicDataSourceProperties] is not eligible for getting processed by all BeanPostProcessors (for example: not eligible for auto-proxying)
2022-07-11 09:15:12.947  INFO 4256 --- [           main] trationDelegate$BeanPostProcessorChecker : Bean 'com.baomidou.dynamic.datasource.spring.boot.autoconfigure.DynamicDataSourceAutoConfiguration' of type [com.baomidou.dynamic.datasource.spring.boot.autoconfigure.DynamicDataSourceAutoConfiguration$$EnhancerBySpringCGLIB$$c4e5421a] is not eligible for getting processed by all BeanPostProcessors (for example: not eligible for auto-proxying)
2022-07-11 09:15:13.260  INFO 4256 --- [           main] trationDelegate$BeanPostProcessorChecker : Bean 'dsProcessor' of type [com.baomidou.dynamic.datasource.processor.DsHeaderProcessor] is not eligible for getting processed by all BeanPostProcessors (for example: not eligible for auto-proxying)
2022-07-11 09:15:13.835  INFO 4256 --- [           main] o.s.b.w.embedded.tomcat.TomcatWebServer  : Tomcat initialized with port(s): 9090 (http)
2022-07-11 09:15:13.852  INFO 4256 --- [           main] o.a.coyote.http11.Http11NioProtocol      : Initializing ProtocolHandler ["http-nio-9090"]
2022-07-11 09:15:13.853  INFO 4256 --- [           main] o.apache.catalina.core.StandardService   : Starting service [Tomcat]
2022-07-11 09:15:13.854  INFO 4256 --- [           main] org.apache.catalina.core.StandardEngine  : Starting Servlet engine: [Apache Tomcat/9.0.60]
2022-07-11 09:15:14.264  INFO 4256 --- [           main] o.a.c.c.C.[Tomcat].[localhost].[/]       : Initializing Spring embedded WebApplicationContext
2022-07-11 09:15:14.265  INFO 4256 --- [           main] w.s.c.ServletWebServerApplicationContext : Root WebApplicationContext: initialization completed in 4839 ms
2022-07-11 09:15:17.196  INFO 4256 --- [           main] com.alibaba.druid.pool.DruidDataSource   : {dataSource-1,master} inited
2022-07-11 09:15:17.198  INFO 4256 --- [           main] c.b.d.d.DynamicRoutingDataSource         : dynamic-datasource - add a datasource named [master] success
2022-07-11 09:15:17.201  INFO 4256 --- [           main] c.b.d.d.DynamicRoutingDataSource         : dynamic-datasource initial loaded [1] datasource,primary datasource named [master]
2022-07-11 09:15:22.255  INFO 4256 --- [           main] org.camunda.bpm.spring.boot              : STARTER-SB040 Setting up jobExecutor with corePoolSize=3, maxPoolSize:10
2022-07-11 09:15:28.975  WARN 4256 --- [           main] s.b.s.c.i.DefaultDeploymentConfiguration : unable to determine if resource URL [jar:file:/D:/xiaomai/m2/repository/org/camunda/bpm/dmn/camunda-engine-dmn/7.15.0/camunda-engine-dmn-7.15.0.jar!/META-INF/maven/org.camunda.bpm.dmn/] is a deployable resource
2022-07-11 09:15:28.977  WARN 4256 --- [           main] s.b.s.c.i.DefaultDeploymentConfiguration : unable to determine if resource URL [jar:file:/D:/xiaomai/m2/repository/org/camunda/bpm/dmn/camunda-engine-feel-api/7.15.0/camunda-engine-feel-api-7.15.0.jar!/META-INF/maven/org.camunda.bpm.dmn/] is a deployable resource
2022-07-11 09:15:28.977  WARN 4256 --- [           main] s.b.s.c.i.DefaultDeploymentConfiguration : unable to determine if resource URL [jar:file:/D:/xiaomai/m2/repository/org/camunda/bpm/dmn/camunda-engine-feel-juel/7.15.0/camunda-engine-feel-juel-7.15.0.jar!/META-INF/maven/org.camunda.bpm.dmn/] is a deployable resource
2022-07-11 09:15:28.977  WARN 4256 --- [           main] s.b.s.c.i.DefaultDeploymentConfiguration : unable to determine if resource URL [jar:file:/D:/xiaomai/m2/repository/org/camunda/bpm/dmn/camunda-engine-feel-scala/7.15.0/camunda-engine-feel-scala-7.15.0.jar!/META-INF/maven/org.camunda.bpm.dmn/] is a deployable resource
2022-07-11 09:15:28.978  INFO 4256 --- [           main] org.camunda.bpm.spring.boot              : STARTER-SB021 Auto-Deploying resources: [URL [jar:file:/D:/xiaomai/m2/repository/org/kie/kie-dmn-core/7.59.0.Final/kie-dmn-core-7.59.0.Final.jar!/libs/Two-Value Logic.dmn]]
2022-07-11 09:15:28.990  INFO 4256 --- [           main] o.c.b.s.b.s.event.EventPublisherPlugin   : EVENTING-001: Initialized Camunda Spring Boot Eventing Engine Plugin.
2022-07-11 09:15:28.990  INFO 4256 --- [           main] o.c.b.s.b.s.event.EventPublisherPlugin   : EVENTING-003: Task events will be published as Spring Events.
2022-07-11 09:15:28.990  INFO 4256 --- [           main] o.c.b.s.b.s.event.EventPublisherPlugin   : EVENTING-005: Execution events will be published as Spring Events.
2022-07-11 09:15:28.999  INFO 4256 --- [           main] o.c.b.s.b.s.event.EventPublisherPlugin   : EVENTING-007: History events will be published as Spring events.
2022-07-11 09:15:29.429  INFO 4256 --- [           main] org.camunda.feel.FeelEngine              : Engine created. [value-mapper: CompositeValueMapper(List(org.camunda.feel.impl.JavaValueMapper@2c5b4b91)), function-provider: org.camunda.bpm.dmn.feel.impl.scala.function.CustomFunctionTransformer@40ef385f, clock: SystemClock, configuration: Configuration(false)]
2022-07-11 09:15:35.839  INFO 4256 --- [           main] org.camunda.bpm.connect                  : CNCT-01004 Discovered provider for connector id 'http-connector' and class 'org.camunda.connect.httpclient.impl.HttpConnectorImpl': 'org.camunda.connect.httpclient.impl.HttpConnectorProviderImpl'
2022-07-11 09:15:35.845  INFO 4256 --- [           main] org.camunda.bpm.connect                  : CNCT-01004 Discovered provider for connector id 'soap-http-connector' and class 'org.camunda.connect.httpclient.soap.impl.SoapHttpConnectorImpl': 'org.camunda.connect.httpclient.soap.impl.SoapHttpConnectorProviderImpl'
2022-07-11 09:15:37.691  INFO 4256 --- [           main] o.s.b.a.e.web.EndpointLinksResolver      : Exposing 1 endpoint(s) beneath base path '/actuator'
2022-07-11 09:15:38.041  INFO 4256 --- [           main] o.d.c.k.b.impl.ClasspathKieProject       : Found kmodule: file:/D:/xiaomai/workspace-idea-svn/asset/master/rule-judge-demo/target/classes/META-INF/kmodule.xml
2022-07-11 09:15:38.596  WARN 4256 --- [           main] o.d.c.k.b.impl.ClasspathKieProject       : Unable to find pom.properties in /D:/xiaomai/workspace-idea-svn/asset/master/rule-judge-demo/target/classes
2022-07-11 09:15:48.973  INFO 4256 --- [           main] o.d.c.k.b.impl.ClasspathKieProject       : Recursed up folders, found and used pom.xml D:\xiaomai\workspace-idea-svn\asset\master\rule-judge-demo\pom.xml
2022-07-11 09:15:48.977  INFO 4256 --- [           main] o.d.c.k.b.i.InternalKieModuleProvider    : Creating KieModule for artifact cn.maitian.assets:rule-judge-demo:1.0-SNAPSHOT
2022-07-11 09:15:48.992  INFO 4256 --- [           main] o.d.m.CanonicalKieModuleProvider         : No executable model found for artifact cn.maitian.assets:rule-judge-demo:1.0-SNAPSHOT. Falling back to resources parsing.
2022-07-11 09:15:49.009  INFO 4256 --- [           main] o.d.c.kie.builder.impl.KieContainerImpl  : Start creation of KieBase: change
2022-07-11 09:15:52.179  INFO 4256 --- [           main] o.d.c.kie.builder.impl.KieContainerImpl  : End creation of KieBase: change
2022-07-11 09:15:53.714  INFO 4256 --- [           main] o.s.s.web.DefaultSecurityFilterChain     : Will not secure any request
2022-07-11 09:15:54.878  INFO 4256 --- [           main] o.a.coyote.http11.Http11NioProtocol      : Starting ProtocolHandler ["http-nio-9090"]
2022-07-11 09:15:54.909  INFO 4256 --- [           main] o.s.b.w.embedded.tomcat.TomcatWebServer  : Tomcat started on port(s): 9090 (http) with context path ''
2022-07-11 09:15:55.343  WARN 4256 --- [           main] d.s.r.o.OperationImplicitParameterReader : Unable to interpret the implicit parameter configuration with dataType: string, dataTypeClass: class java.lang.Void
2022-07-11 09:15:55.382  INFO 4256 --- [           main] c.maitian.bss.modules.AssetsApplication  : Started AssetsApplication in 48.281 seconds (JVM running for 53.784)
2022-07-11 09:15:56.585  INFO 4256 --- [-192.168.183.74] o.a.c.c.C.[Tomcat].[localhost].[/]       : Initializing Spring DispatcherServlet 'dispatcherServlet'
2022-07-11 09:15:56.585  INFO 4256 --- [-192.168.183.74] o.s.web.servlet.DispatcherServlet        : Initializing Servlet 'dispatcherServlet'
2022-07-11 09:15:56.589  INFO 4256 --- [-192.168.183.74] o.s.web.servlet.DispatcherServlet        : Completed initialization in 4 ms
2022-07-11 09:19:10.245  INFO 19748 --- [           main] c.maitian.bss.modules.AssetsApplication  : Starting AssetsApplication using Java 1.8.0_251 on DESKTOP-CR with PID 19748 (D:\xiaomai\workspace-idea-svn\asset\master\rule-judge-demo\target\classes started by changrui in D:\xiaomai\workspace-idea-svn\asset\master\rule-judge-demo)
2022-07-11 09:19:10.251  INFO 19748 --- [           main] c.maitian.bss.modules.AssetsApplication  : No active profile set, falling back to 1 default profile: "default"
2022-07-11 09:19:15.023  INFO 19748 --- [           main] trationDelegate$BeanPostProcessorChecker : Bean 'spring.datasource.dynamic-com.baomidou.dynamic.datasource.spring.boot.autoconfigure.DynamicDataSourceProperties' of type [com.baomidou.dynamic.datasource.spring.boot.autoconfigure.DynamicDataSourceProperties] is not eligible for getting processed by all BeanPostProcessors (for example: not eligible for auto-proxying)
2022-07-11 09:19:15.034  INFO 19748 --- [           main] trationDelegate$BeanPostProcessorChecker : Bean 'com.baomidou.dynamic.datasource.spring.boot.autoconfigure.DynamicDataSourceAutoConfiguration' of type [com.baomidou.dynamic.datasource.spring.boot.autoconfigure.DynamicDataSourceAutoConfiguration$$EnhancerBySpringCGLIB$$79a3516f] is not eligible for getting processed by all BeanPostProcessors (for example: not eligible for auto-proxying)
2022-07-11 09:19:15.343  INFO 19748 --- [           main] trationDelegate$BeanPostProcessorChecker : Bean 'dsProcessor' of type [com.baomidou.dynamic.datasource.processor.DsHeaderProcessor] is not eligible for getting processed by all BeanPostProcessors (for example: not eligible for auto-proxying)
2022-07-11 09:19:15.912  INFO 19748 --- [           main] o.s.b.w.embedded.tomcat.TomcatWebServer  : Tomcat initialized with port(s): 9090 (http)
2022-07-11 09:19:15.933  INFO 19748 --- [           main] o.a.coyote.http11.Http11NioProtocol      : Initializing ProtocolHandler ["http-nio-9090"]
2022-07-11 09:19:15.935  INFO 19748 --- [           main] o.apache.catalina.core.StandardService   : Starting service [Tomcat]
2022-07-11 09:19:15.935  INFO 19748 --- [           main] org.apache.catalina.core.StandardEngine  : Starting Servlet engine: [Apache Tomcat/9.0.60]
2022-07-11 09:19:16.383  INFO 19748 --- [           main] o.a.c.c.C.[Tomcat].[localhost].[/]       : Initializing Spring embedded WebApplicationContext
2022-07-11 09:19:16.383  INFO 19748 --- [           main] w.s.c.ServletWebServerApplicationContext : Root WebApplicationContext: initialization completed in 5406 ms
2022-07-11 09:19:19.461  INFO 19748 --- [           main] com.alibaba.druid.pool.DruidDataSource   : {dataSource-1,master} inited
2022-07-11 09:19:19.463  INFO 19748 --- [           main] c.b.d.d.DynamicRoutingDataSource         : dynamic-datasource - add a datasource named [master] success
2022-07-11 09:19:19.467  INFO 19748 --- [           main] c.b.d.d.DynamicRoutingDataSource         : dynamic-datasource initial loaded [1] datasource,primary datasource named [master]
2022-07-11 09:19:24.757  INFO 19748 --- [           main] org.camunda.bpm.spring.boot              : STARTER-SB040 Setting up jobExecutor with corePoolSize=3, maxPoolSize:10
2022-07-11 09:19:33.068  WARN 19748 --- [           main] s.b.s.c.i.DefaultDeploymentConfiguration : unable to determine if resource URL [jar:file:/D:/xiaomai/m2/repository/org/camunda/bpm/dmn/camunda-engine-dmn/7.15.0/camunda-engine-dmn-7.15.0.jar!/META-INF/maven/org.camunda.bpm.dmn/] is a deployable resource
2022-07-11 09:19:33.069  WARN 19748 --- [           main] s.b.s.c.i.DefaultDeploymentConfiguration : unable to determine if resource URL [jar:file:/D:/xiaomai/m2/repository/org/camunda/bpm/dmn/camunda-engine-feel-api/7.15.0/camunda-engine-feel-api-7.15.0.jar!/META-INF/maven/org.camunda.bpm.dmn/] is a deployable resource
2022-07-11 09:19:33.070  WARN 19748 --- [           main] s.b.s.c.i.DefaultDeploymentConfiguration : unable to determine if resource URL [jar:file:/D:/xiaomai/m2/repository/org/camunda/bpm/dmn/camunda-engine-feel-juel/7.15.0/camunda-engine-feel-juel-7.15.0.jar!/META-INF/maven/org.camunda.bpm.dmn/] is a deployable resource
2022-07-11 09:19:33.071  WARN 19748 --- [           main] s.b.s.c.i.DefaultDeploymentConfiguration : unable to determine if resource URL [jar:file:/D:/xiaomai/m2/repository/org/camunda/bpm/dmn/camunda-engine-feel-scala/7.15.0/camunda-engine-feel-scala-7.15.0.jar!/META-INF/maven/org.camunda.bpm.dmn/] is a deployable resource
2022-07-11 09:19:33.071  INFO 19748 --- [           main] org.camunda.bpm.spring.boot              : STARTER-SB021 Auto-Deploying resources: [URL [jar:file:/D:/xiaomai/m2/repository/org/kie/kie-dmn-core/7.59.0.Final/kie-dmn-core-7.59.0.Final.jar!/libs/Two-Value Logic.dmn]]
2022-07-11 09:19:33.084  INFO 19748 --- [           main] o.c.b.s.b.s.event.EventPublisherPlugin   : EVENTING-001: Initialized Camunda Spring Boot Eventing Engine Plugin.
2022-07-11 09:19:33.084  INFO 19748 --- [           main] o.c.b.s.b.s.event.EventPublisherPlugin   : EVENTING-003: Task events will be published as Spring Events.
2022-07-11 09:19:33.085  INFO 19748 --- [           main] o.c.b.s.b.s.event.EventPublisherPlugin   : EVENTING-005: Execution events will be published as Spring Events.
2022-07-11 09:19:33.092  INFO 19748 --- [           main] o.c.b.s.b.s.event.EventPublisherPlugin   : EVENTING-007: History events will be published as Spring events.
2022-07-11 09:19:33.631  INFO 19748 --- [           main] org.camunda.feel.FeelEngine              : Engine created. [value-mapper: CompositeValueMapper(List(org.camunda.feel.impl.JavaValueMapper@e30a8ef)), function-provider: org.camunda.bpm.dmn.feel.impl.scala.function.CustomFunctionTransformer@1a3611b1, clock: SystemClock, configuration: Configuration(false)]
2022-07-11 09:19:40.098  INFO 19748 --- [           main] org.camunda.bpm.connect                  : CNCT-01004 Discovered provider for connector id 'http-connector' and class 'org.camunda.connect.httpclient.impl.HttpConnectorImpl': 'org.camunda.connect.httpclient.impl.HttpConnectorProviderImpl'
2022-07-11 09:19:40.103  INFO 19748 --- [           main] org.camunda.bpm.connect                  : CNCT-01004 Discovered provider for connector id 'soap-http-connector' and class 'org.camunda.connect.httpclient.soap.impl.SoapHttpConnectorImpl': 'org.camunda.connect.httpclient.soap.impl.SoapHttpConnectorProviderImpl'
2022-07-11 09:19:41.811  INFO 19748 --- [           main] o.s.b.a.e.web.EndpointLinksResolver      : Exposing 1 endpoint(s) beneath base path '/actuator'
2022-07-11 09:19:42.075  INFO 19748 --- [           main] o.d.c.k.b.impl.ClasspathKieProject       : Found kmodule: file:/D:/xiaomai/workspace-idea-svn/asset/master/rule-judge-demo/target/classes/META-INF/kmodule.xml
2022-07-11 09:19:42.548  WARN 19748 --- [           main] o.d.c.k.b.impl.ClasspathKieProject       : Unable to find pom.properties in /D:/xiaomai/workspace-idea-svn/asset/master/rule-judge-demo/target/classes
2022-07-11 09:19:49.793  INFO 19748 --- [           main] o.d.c.k.b.impl.ClasspathKieProject       : Recursed up folders, found and used pom.xml D:\xiaomai\workspace-idea-svn\asset\master\rule-judge-demo\pom.xml
2022-07-11 09:19:49.797  INFO 19748 --- [           main] o.d.c.k.b.i.InternalKieModuleProvider    : Creating KieModule for artifact cn.maitian.assets:rule-judge-demo:1.0-SNAPSHOT
2022-07-11 09:19:49.808  INFO 19748 --- [           main] o.d.m.CanonicalKieModuleProvider         : No executable model found for artifact cn.maitian.assets:rule-judge-demo:1.0-SNAPSHOT. Falling back to resources parsing.
2022-07-11 09:19:49.825  INFO 19748 --- [           main] o.d.c.kie.builder.impl.KieContainerImpl  : Start creation of KieBase: change
2022-07-11 09:19:51.822  INFO 19748 --- [           main] o.d.c.kie.builder.impl.KieContainerImpl  : End creation of KieBase: change
2022-07-11 09:19:53.510  INFO 19748 --- [           main] o.s.s.web.DefaultSecurityFilterChain     : Will not secure any request
2022-07-11 09:19:54.744  INFO 19748 --- [           main] o.a.coyote.http11.Http11NioProtocol      : Starting ProtocolHandler ["http-nio-9090"]
2022-07-11 09:19:54.784  INFO 19748 --- [           main] o.s.b.w.embedded.tomcat.TomcatWebServer  : Tomcat started on port(s): 9090 (http) with context path ''
2022-07-11 09:19:55.316  WARN 19748 --- [           main] d.s.r.o.OperationImplicitParameterReader : Unable to interpret the implicit parameter configuration with dataType: string, dataTypeClass: class java.lang.Void
2022-07-11 09:19:55.357  INFO 19748 --- [           main] c.maitian.bss.modules.AssetsApplication  : Started AssetsApplication in 46.707 seconds (JVM running for 51.418)
2022-07-11 09:19:55.723  INFO 19748 --- [-192.168.183.74] o.a.c.c.C.[Tomcat].[localhost].[/]       : Initializing Spring DispatcherServlet 'dispatcherServlet'
2022-07-11 09:19:55.724  INFO 19748 --- [-192.168.183.74] o.s.web.servlet.DispatcherServlet        : Initializing Servlet 'dispatcherServlet'
2022-07-11 09:19:55.727  INFO 19748 --- [-192.168.183.74] o.s.web.servlet.DispatcherServlet        : Completed initialization in 2 ms
2022-07-11 09:45:26.092  INFO 23360 --- [           main] c.maitian.bss.modules.AssetsApplication  : Starting AssetsApplication using Java 1.8.0_251 on DESKTOP-CR with PID 23360 (D:\xiaomai\workspace-idea-svn\asset\master\rule-judge-demo\target\classes started by changrui in D:\xiaomai\workspace-idea-svn\asset\master\rule-judge-demo)
2022-07-11 09:45:26.098  INFO 23360 --- [           main] c.maitian.bss.modules.AssetsApplication  : No active profile set, falling back to 1 default profile: "default"
2022-07-11 09:45:30.703  INFO 23360 --- [           main] trationDelegate$BeanPostProcessorChecker : Bean 'spring.datasource.dynamic-com.baomidou.dynamic.datasource.spring.boot.autoconfigure.DynamicDataSourceProperties' of type [com.baomidou.dynamic.datasource.spring.boot.autoconfigure.DynamicDataSourceProperties] is not eligible for getting processed by all BeanPostProcessors (for example: not eligible for auto-proxying)
2022-07-11 09:45:30.711  INFO 23360 --- [           main] trationDelegate$BeanPostProcessorChecker : Bean 'com.baomidou.dynamic.datasource.spring.boot.autoconfigure.DynamicDataSourceAutoConfiguration' of type [com.baomidou.dynamic.datasource.spring.boot.autoconfigure.DynamicDataSourceAutoConfiguration$$EnhancerBySpringCGLIB$$74d8af58] is not eligible for getting processed by all BeanPostProcessors (for example: not eligible for auto-proxying)
2022-07-11 09:45:31.059  INFO 23360 --- [           main] trationDelegate$BeanPostProcessorChecker : Bean 'dsProcessor' of type [com.baomidou.dynamic.datasource.processor.DsHeaderProcessor] is not eligible for getting processed by all BeanPostProcessors (for example: not eligible for auto-proxying)
2022-07-11 09:45:31.893  INFO 23360 --- [           main] o.s.b.w.embedded.tomcat.TomcatWebServer  : Tomcat initialized with port(s): 9090 (http)
2022-07-11 09:45:31.914  INFO 23360 --- [           main] o.a.coyote.http11.Http11NioProtocol      : Initializing ProtocolHandler ["http-nio-9090"]
2022-07-11 09:45:31.915  INFO 23360 --- [           main] o.apache.catalina.core.StandardService   : Starting service [Tomcat]
2022-07-11 09:45:31.916  INFO 23360 --- [           main] org.apache.catalina.core.StandardEngine  : Starting Servlet engine: [Apache Tomcat/9.0.60]
2022-07-11 09:45:32.438  INFO 23360 --- [           main] o.a.c.c.C.[Tomcat].[localhost].[/]       : Initializing Spring embedded WebApplicationContext
2022-07-11 09:45:32.439  INFO 23360 --- [           main] w.s.c.ServletWebServerApplicationContext : Root WebApplicationContext: initialization completed in 5737 ms
2022-07-11 09:45:36.043  INFO 23360 --- [           main] com.alibaba.druid.pool.DruidDataSource   : {dataSource-1,master} inited
2022-07-11 09:45:36.045  INFO 23360 --- [           main] c.b.d.d.DynamicRoutingDataSource         : dynamic-datasource - add a datasource named [master] success
2022-07-11 09:45:36.048  INFO 23360 --- [           main] c.b.d.d.DynamicRoutingDataSource         : dynamic-datasource initial loaded [1] datasource,primary datasource named [master]
2022-07-11 09:45:41.258  INFO 23360 --- [           main] org.camunda.bpm.spring.boot              : STARTER-SB040 Setting up jobExecutor with corePoolSize=3, maxPoolSize:10
2022-07-11 09:45:48.075  WARN 23360 --- [           main] s.b.s.c.i.DefaultDeploymentConfiguration : unable to determine if resource URL [jar:file:/D:/xiaomai/m2/repository/org/camunda/bpm/dmn/camunda-engine-dmn/7.15.0/camunda-engine-dmn-7.15.0.jar!/META-INF/maven/org.camunda.bpm.dmn/] is a deployable resource
2022-07-11 09:45:48.076  WARN 23360 --- [           main] s.b.s.c.i.DefaultDeploymentConfiguration : unable to determine if resource URL [jar:file:/D:/xiaomai/m2/repository/org/camunda/bpm/dmn/camunda-engine-feel-api/7.15.0/camunda-engine-feel-api-7.15.0.jar!/META-INF/maven/org.camunda.bpm.dmn/] is a deployable resource
2022-07-11 09:45:48.076  WARN 23360 --- [           main] s.b.s.c.i.DefaultDeploymentConfiguration : unable to determine if resource URL [jar:file:/D:/xiaomai/m2/repository/org/camunda/bpm/dmn/camunda-engine-feel-juel/7.15.0/camunda-engine-feel-juel-7.15.0.jar!/META-INF/maven/org.camunda.bpm.dmn/] is a deployable resource
2022-07-11 09:45:48.077  WARN 23360 --- [           main] s.b.s.c.i.DefaultDeploymentConfiguration : unable to determine if resource URL [jar:file:/D:/xiaomai/m2/repository/org/camunda/bpm/dmn/camunda-engine-feel-scala/7.15.0/camunda-engine-feel-scala-7.15.0.jar!/META-INF/maven/org.camunda.bpm.dmn/] is a deployable resource
2022-07-11 09:45:48.077  INFO 23360 --- [           main] org.camunda.bpm.spring.boot              : STARTER-SB021 Auto-Deploying resources: [URL [jar:file:/D:/xiaomai/m2/repository/org/kie/kie-dmn-core/7.59.0.Final/kie-dmn-core-7.59.0.Final.jar!/libs/Two-Value Logic.dmn]]
2022-07-11 09:45:48.085  INFO 23360 --- [           main] o.c.b.s.b.s.event.EventPublisherPlugin   : EVENTING-001: Initialized Camunda Spring Boot Eventing Engine Plugin.
2022-07-11 09:45:48.085  INFO 23360 --- [           main] o.c.b.s.b.s.event.EventPublisherPlugin   : EVENTING-003: Task events will be published as Spring Events.
2022-07-11 09:45:48.085  INFO 23360 --- [           main] o.c.b.s.b.s.event.EventPublisherPlugin   : EVENTING-005: Execution events will be published as Spring Events.
2022-07-11 09:45:48.092  INFO 23360 --- [           main] o.c.b.s.b.s.event.EventPublisherPlugin   : EVENTING-007: History events will be published as Spring events.
2022-07-11 09:45:48.514  INFO 23360 --- [           main] org.camunda.feel.FeelEngine              : Engine created. [value-mapper: CompositeValueMapper(List(org.camunda.feel.impl.JavaValueMapper@244c0fbe)), function-provider: org.camunda.bpm.dmn.feel.impl.scala.function.CustomFunctionTransformer@55d98bbb, clock: SystemClock, configuration: Configuration(false)]
2022-07-11 09:45:54.839  INFO 23360 --- [           main] org.camunda.bpm.connect                  : CNCT-01004 Discovered provider for connector id 'http-connector' and class 'org.camunda.connect.httpclient.impl.HttpConnectorImpl': 'org.camunda.connect.httpclient.impl.HttpConnectorProviderImpl'
2022-07-11 09:45:54.845  INFO 23360 --- [           main] org.camunda.bpm.connect                  : CNCT-01004 Discovered provider for connector id 'soap-http-connector' and class 'org.camunda.connect.httpclient.soap.impl.SoapHttpConnectorImpl': 'org.camunda.connect.httpclient.soap.impl.SoapHttpConnectorProviderImpl'
2022-07-11 09:46:00.148  INFO 23360 --- [           main] o.s.b.a.e.web.EndpointLinksResolver      : Exposing 1 endpoint(s) beneath base path '/actuator'
2022-07-11 09:46:00.411  INFO 23360 --- [           main] o.d.c.k.b.impl.ClasspathKieProject       : Found kmodule: file:/D:/xiaomai/workspace-idea-svn/asset/master/rule-judge-demo/target/classes/META-INF/kmodule.xml
2022-07-11 09:46:00.764  WARN 23360 --- [           main] o.d.c.k.b.impl.ClasspathKieProject       : Unable to find pom.properties in /D:/xiaomai/workspace-idea-svn/asset/master/rule-judge-demo/target/classes
2022-07-11 09:46:07.453  INFO 23360 --- [           main] o.d.c.k.b.impl.ClasspathKieProject       : Recursed up folders, found and used pom.xml D:\xiaomai\workspace-idea-svn\asset\master\rule-judge-demo\pom.xml
2022-07-11 09:46:07.456  INFO 23360 --- [           main] o.d.c.k.b.i.InternalKieModuleProvider    : Creating KieModule for artifact cn.maitian.assets:rule-judge-demo:1.0-SNAPSHOT
2022-07-11 09:46:07.466  INFO 23360 --- [           main] o.d.m.CanonicalKieModuleProvider         : No executable model found for artifact cn.maitian.assets:rule-judge-demo:1.0-SNAPSHOT. Falling back to resources parsing.
2022-07-11 09:46:07.481  INFO 23360 --- [           main] o.d.c.kie.builder.impl.KieContainerImpl  : Start creation of KieBase: change
2022-07-11 09:46:10.020  INFO 23360 --- [           main] o.d.c.kie.builder.impl.KieContainerImpl  : End creation of KieBase: change
2022-07-11 09:46:10.701  INFO 23360 --- [           main] o.s.s.web.DefaultSecurityFilterChain     : Will not secure any request
2022-07-11 09:46:11.711  INFO 23360 --- [           main] o.a.coyote.http11.Http11NioProtocol      : Starting ProtocolHandler ["http-nio-9090"]
2022-07-11 09:46:11.743  INFO 23360 --- [           main] o.s.b.w.embedded.tomcat.TomcatWebServer  : Tomcat started on port(s): 9090 (http) with context path ''
2022-07-11 09:46:12.179  WARN 23360 --- [           main] d.s.r.o.OperationImplicitParameterReader : Unable to interpret the implicit parameter configuration with dataType: string, dataTypeClass: class java.lang.Void
2022-07-11 09:46:12.220  INFO 23360 --- [           main] c.maitian.bss.modules.AssetsApplication  : Started AssetsApplication in 47.403 seconds (JVM running for 50.913)
2022-07-11 09:46:12.604  INFO 23360 --- [-192.168.183.74] o.a.c.c.C.[Tomcat].[localhost].[/]       : Initializing Spring DispatcherServlet 'dispatcherServlet'
2022-07-11 09:46:12.604  INFO 23360 --- [-192.168.183.74] o.s.web.servlet.DispatcherServlet        : Initializing Servlet 'dispatcherServlet'
2022-07-11 09:46:12.609  INFO 23360 --- [-192.168.183.74] o.s.web.servlet.DispatcherServlet        : Completed initialization in 4 ms
2022-07-11 10:03:33.396  INFO 30740 --- [           main] c.maitian.bss.modules.AssetsApplication  : Starting AssetsApplication using Java 1.8.0_251 on DESKTOP-CR with PID 30740 (D:\xiaomai\workspace-idea-svn\asset\master\rule-judge-demo\target\classes started by changrui in D:\xiaomai\workspace-idea-svn\asset\master\rule-judge-demo)
2022-07-11 10:03:33.404  INFO 30740 --- [           main] c.maitian.bss.modules.AssetsApplication  : No active profile set, falling back to 1 default profile: "default"
2022-07-11 10:03:37.350  INFO 30740 --- [           main] trationDelegate$BeanPostProcessorChecker : Bean 'spring.datasource.dynamic-com.baomidou.dynamic.datasource.spring.boot.autoconfigure.DynamicDataSourceProperties' of type [com.baomidou.dynamic.datasource.spring.boot.autoconfigure.DynamicDataSourceProperties] is not eligible for getting processed by all BeanPostProcessors (for example: not eligible for auto-proxying)
2022-07-11 10:03:37.358  INFO 30740 --- [           main] trationDelegate$BeanPostProcessorChecker : Bean 'com.baomidou.dynamic.datasource.spring.boot.autoconfigure.DynamicDataSourceAutoConfiguration' of type [com.baomidou.dynamic.datasource.spring.boot.autoconfigure.DynamicDataSourceAutoConfiguration$$EnhancerBySpringCGLIB$$18e8c30b] is not eligible for getting processed by all BeanPostProcessors (for example: not eligible for auto-proxying)
2022-07-11 10:03:37.640  INFO 30740 --- [           main] trationDelegate$BeanPostProcessorChecker : Bean 'dsProcessor' of type [com.baomidou.dynamic.datasource.processor.DsHeaderProcessor] is not eligible for getting processed by all BeanPostProcessors (for example: not eligible for auto-proxying)
2022-07-11 10:03:38.198  INFO 30740 --- [           main] o.s.b.w.embedded.tomcat.TomcatWebServer  : Tomcat initialized with port(s): 9090 (http)
2022-07-11 10:03:38.219  INFO 30740 --- [           main] o.a.coyote.http11.Http11NioProtocol      : Initializing ProtocolHandler ["http-nio-9090"]
2022-07-11 10:03:38.220  INFO 30740 --- [           main] o.apache.catalina.core.StandardService   : Starting service [Tomcat]
2022-07-11 10:03:38.221  INFO 30740 --- [           main] org.apache.catalina.core.StandardEngine  : Starting Servlet engine: [Apache Tomcat/9.0.60]
2022-07-11 10:03:38.768  INFO 30740 --- [           main] o.a.c.c.C.[Tomcat].[localhost].[/]       : Initializing Spring embedded WebApplicationContext
2022-07-11 10:03:38.769  INFO 30740 --- [           main] w.s.c.ServletWebServerApplicationContext : Root WebApplicationContext: initialization completed in 4703 ms
2022-07-11 10:03:41.619  INFO 30740 --- [           main] com.alibaba.druid.pool.DruidDataSource   : {dataSource-1,master} inited
2022-07-11 10:03:41.622  INFO 30740 --- [           main] c.b.d.d.DynamicRoutingDataSource         : dynamic-datasource - add a datasource named [master] success
2022-07-11 10:03:41.625  INFO 30740 --- [           main] c.b.d.d.DynamicRoutingDataSource         : dynamic-datasource initial loaded [1] datasource,primary datasource named [master]
2022-07-11 10:03:46.862  INFO 30740 --- [           main] org.camunda.bpm.spring.boot              : STARTER-SB040 Setting up jobExecutor with corePoolSize=3, maxPoolSize:10
2022-07-11 10:03:52.875  WARN 30740 --- [           main] s.b.s.c.i.DefaultDeploymentConfiguration : unable to determine if resource URL [jar:file:/D:/xiaomai/m2/repository/org/camunda/bpm/dmn/camunda-engine-dmn/7.15.0/camunda-engine-dmn-7.15.0.jar!/META-INF/maven/org.camunda.bpm.dmn/] is a deployable resource
2022-07-11 10:03:52.876  WARN 30740 --- [           main] s.b.s.c.i.DefaultDeploymentConfiguration : unable to determine if resource URL [jar:file:/D:/xiaomai/m2/repository/org/camunda/bpm/dmn/camunda-engine-feel-api/7.15.0/camunda-engine-feel-api-7.15.0.jar!/META-INF/maven/org.camunda.bpm.dmn/] is a deployable resource
2022-07-11 10:03:52.877  WARN 30740 --- [           main] s.b.s.c.i.DefaultDeploymentConfiguration : unable to determine if resource URL [jar:file:/D:/xiaomai/m2/repository/org/camunda/bpm/dmn/camunda-engine-feel-juel/7.15.0/camunda-engine-feel-juel-7.15.0.jar!/META-INF/maven/org.camunda.bpm.dmn/] is a deployable resource
2022-07-11 10:03:52.877  WARN 30740 --- [           main] s.b.s.c.i.DefaultDeploymentConfiguration : unable to determine if resource URL [jar:file:/D:/xiaomai/m2/repository/org/camunda/bpm/dmn/camunda-engine-feel-scala/7.15.0/camunda-engine-feel-scala-7.15.0.jar!/META-INF/maven/org.camunda.bpm.dmn/] is a deployable resource
2022-07-11 10:03:52.877  INFO 30740 --- [           main] org.camunda.bpm.spring.boot              : STARTER-SB021 Auto-Deploying resources: [URL [jar:file:/D:/xiaomai/m2/repository/org/kie/kie-dmn-core/7.59.0.Final/kie-dmn-core-7.59.0.Final.jar!/libs/Two-Value Logic.dmn]]
2022-07-11 10:03:52.885  INFO 30740 --- [           main] o.c.b.s.b.s.event.EventPublisherPlugin   : EVENTING-001: Initialized Camunda Spring Boot Eventing Engine Plugin.
2022-07-11 10:03:52.886  INFO 30740 --- [           main] o.c.b.s.b.s.event.EventPublisherPlugin   : EVENTING-003: Task events will be published as Spring Events.
2022-07-11 10:03:52.886  INFO 30740 --- [           main] o.c.b.s.b.s.event.EventPublisherPlugin   : EVENTING-005: Execution events will be published as Spring Events.
2022-07-11 10:03:52.893  INFO 30740 --- [           main] o.c.b.s.b.s.event.EventPublisherPlugin   : EVENTING-007: History events will be published as Spring events.
2022-07-11 10:03:53.309  INFO 30740 --- [           main] org.camunda.feel.FeelEngine              : Engine created. [value-mapper: CompositeValueMapper(List(org.camunda.feel.impl.JavaValueMapper@c5e7696)), function-provider: org.camunda.bpm.dmn.feel.impl.scala.function.CustomFunctionTransformer@706c2726, clock: SystemClock, configuration: Configuration(false)]
2022-07-11 10:04:00.282  INFO 30740 --- [           main] org.camunda.bpm.connect                  : CNCT-01004 Discovered provider for connector id 'http-connector' and class 'org.camunda.connect.httpclient.impl.HttpConnectorImpl': 'org.camunda.connect.httpclient.impl.HttpConnectorProviderImpl'
2022-07-11 10:04:00.289  INFO 30740 --- [           main] org.camunda.bpm.connect                  : CNCT-01004 Discovered provider for connector id 'soap-http-connector' and class 'org.camunda.connect.httpclient.soap.impl.SoapHttpConnectorImpl': 'org.camunda.connect.httpclient.soap.impl.SoapHttpConnectorProviderImpl'
2022-07-11 10:04:06.059  INFO 30740 --- [           main] o.s.b.a.e.web.EndpointLinksResolver      : Exposing 1 endpoint(s) beneath base path '/actuator'
2022-07-11 10:04:06.408  INFO 30740 --- [           main] o.d.c.k.b.impl.ClasspathKieProject       : Found kmodule: file:/D:/xiaomai/workspace-idea-svn/asset/master/rule-judge-demo/target/classes/META-INF/kmodule.xml
2022-07-11 10:04:06.915  WARN 30740 --- [           main] o.d.c.k.b.impl.ClasspathKieProject       : Unable to find pom.properties in /D:/xiaomai/workspace-idea-svn/asset/master/rule-judge-demo/target/classes
2022-07-11 10:04:13.212  INFO 30740 --- [           main] o.d.c.k.b.impl.ClasspathKieProject       : Recursed up folders, found and used pom.xml D:\xiaomai\workspace-idea-svn\asset\master\rule-judge-demo\pom.xml
2022-07-11 10:04:13.215  INFO 30740 --- [           main] o.d.c.k.b.i.InternalKieModuleProvider    : Creating KieModule for artifact cn.maitian.assets:rule-judge-demo:1.0-SNAPSHOT
2022-07-11 10:04:13.225  INFO 30740 --- [           main] o.d.m.CanonicalKieModuleProvider         : No executable model found for artifact cn.maitian.assets:rule-judge-demo:1.0-SNAPSHOT. Falling back to resources parsing.
2022-07-11 10:04:13.240  INFO 30740 --- [           main] o.d.c.kie.builder.impl.KieContainerImpl  : Start creation of KieBase: change
2022-07-11 10:04:14.981  INFO 30740 --- [           main] o.d.c.kie.builder.impl.KieContainerImpl  : End creation of KieBase: change
2022-07-11 10:04:16.490  INFO 30740 --- [           main] o.s.s.web.DefaultSecurityFilterChain     : Will not secure any request
2022-07-11 10:04:17.507  INFO 30740 --- [           main] o.a.coyote.http11.Http11NioProtocol      : Starting ProtocolHandler ["http-nio-9090"]
2022-07-11 10:04:17.540  INFO 30740 --- [           main] o.s.b.w.embedded.tomcat.TomcatWebServer  : Tomcat started on port(s): 9090 (http) with context path ''
2022-07-11 10:04:18.045  WARN 30740 --- [           main] d.s.r.o.OperationImplicitParameterReader : Unable to interpret the implicit parameter configuration with dataType: string, dataTypeClass: class java.lang.Void
2022-07-11 10:04:18.084  INFO 30740 --- [           main] c.maitian.bss.modules.AssetsApplication  : Started AssetsApplication in 46.449 seconds (JVM running for 52.846)
2022-07-11 10:04:18.828  INFO 30740 --- [-192.168.183.74] o.a.c.c.C.[Tomcat].[localhost].[/]       : Initializing Spring DispatcherServlet 'dispatcherServlet'
2022-07-11 10:04:18.829  INFO 30740 --- [-192.168.183.74] o.s.web.servlet.DispatcherServlet        : Initializing Servlet 'dispatcherServlet'
2022-07-11 10:04:18.835  INFO 30740 --- [-192.168.183.74] o.s.web.servlet.DispatcherServlet        : Completed initialization in 6 ms
2022-07-11 10:05:32.016  INFO 30740 --- [ionShutdownHook] c.b.d.d.DynamicRoutingDataSource         : dynamic-datasource start closing ....
2022-07-11 10:05:32.020  INFO 30740 --- [ionShutdownHook] com.alibaba.druid.pool.DruidDataSource   : {dataSource-1} closing ...
2022-07-11 10:05:32.035  INFO 30740 --- [ionShutdownHook] com.alibaba.druid.pool.DruidDataSource   : {dataSource-1} closed
2022-07-11 10:05:32.036  INFO 30740 --- [ionShutdownHook] c.b.d.d.DynamicRoutingDataSource         : dynamic-datasource all closed success,bye
2022-07-11 10:07:19.096  INFO 31560 --- [           main] c.maitian.bss.modules.AssetsApplication  : Starting AssetsApplication using Java 1.8.0_251 on DESKTOP-CR with PID 31560 (D:\xiaomai\workspace-idea-svn\asset\master\rule-judge-demo\target\classes started by changrui in D:\xiaomai\workspace-idea-svn\asset\master\rule-judge-demo)
2022-07-11 10:07:19.103  INFO 31560 --- [           main] c.maitian.bss.modules.AssetsApplication  : No active profile set, falling back to 1 default profile: "default"
2022-07-11 10:07:23.251  INFO 31560 --- [           main] trationDelegate$BeanPostProcessorChecker : Bean 'spring.datasource.dynamic-com.baomidou.dynamic.datasource.spring.boot.autoconfigure.DynamicDataSourceProperties' of type [com.baomidou.dynamic.datasource.spring.boot.autoconfigure.DynamicDataSourceProperties] is not eligible for getting processed by all BeanPostProcessors (for example: not eligible for auto-proxying)
2022-07-11 10:07:23.257  INFO 31560 --- [           main] trationDelegate$BeanPostProcessorChecker : Bean 'com.baomidou.dynamic.datasource.spring.boot.autoconfigure.DynamicDataSourceAutoConfiguration' of type [com.baomidou.dynamic.datasource.spring.boot.autoconfigure.DynamicDataSourceAutoConfiguration$$EnhancerBySpringCGLIB$$142db602] is not eligible for getting processed by all BeanPostProcessors (for example: not eligible for auto-proxying)
2022-07-11 10:07:23.451  INFO 31560 --- [           main] trationDelegate$BeanPostProcessorChecker : Bean 'dsProcessor' of type [com.baomidou.dynamic.datasource.processor.DsHeaderProcessor] is not eligible for getting processed by all BeanPostProcessors (for example: not eligible for auto-proxying)
2022-07-11 10:07:24.135  INFO 31560 --- [           main] o.s.b.w.embedded.tomcat.TomcatWebServer  : Tomcat initialized with port(s): 9090 (http)
2022-07-11 10:07:24.155  INFO 31560 --- [           main] o.a.coyote.http11.Http11NioProtocol      : Initializing ProtocolHandler ["http-nio-9090"]
2022-07-11 10:07:24.156  INFO 31560 --- [           main] o.apache.catalina.core.StandardService   : Starting service [Tomcat]
2022-07-11 10:07:24.157  INFO 31560 --- [           main] org.apache.catalina.core.StandardEngine  : Starting Servlet engine: [Apache Tomcat/9.0.60]
2022-07-11 10:07:24.605  INFO 31560 --- [           main] o.a.c.c.C.[Tomcat].[localhost].[/]       : Initializing Spring embedded WebApplicationContext
2022-07-11 10:07:24.606  INFO 31560 --- [           main] w.s.c.ServletWebServerApplicationContext : Root WebApplicationContext: initialization completed in 4780 ms
2022-07-11 10:07:27.952  INFO 31560 --- [           main] com.alibaba.druid.pool.DruidDataSource   : {dataSource-1,master} inited
2022-07-11 10:07:27.955  INFO 31560 --- [           main] c.b.d.d.DynamicRoutingDataSource         : dynamic-datasource - add a datasource named [master] success
2022-07-11 10:07:27.959  INFO 31560 --- [           main] c.b.d.d.DynamicRoutingDataSource         : dynamic-datasource initial loaded [1] datasource,primary datasource named [master]
2022-07-11 10:07:32.926  INFO 31560 --- [           main] o.s.b.a.e.web.EndpointLinksResolver      : Exposing 1 endpoint(s) beneath base path '/actuator'
2022-07-11 10:07:33.673  INFO 31560 --- [           main] o.d.c.k.b.impl.ClasspathKieProject       : Found kmodule: file:/D:/xiaomai/workspace-idea-svn/asset/master/rule-judge-demo/target/classes/META-INF/kmodule.xml
2022-07-11 10:07:34.587  WARN 31560 --- [           main] o.d.c.k.b.impl.ClasspathKieProject       : Unable to find pom.properties in /D:/xiaomai/workspace-idea-svn/asset/master/rule-judge-demo/target/classes
2022-07-11 10:07:40.534  INFO 31560 --- [           main] o.d.c.k.b.impl.ClasspathKieProject       : Recursed up folders, found and used pom.xml D:\xiaomai\workspace-idea-svn\asset\master\rule-judge-demo\pom.xml
2022-07-11 10:07:40.537  INFO 31560 --- [           main] o.d.c.k.b.i.InternalKieModuleProvider    : Creating KieModule for artifact cn.maitian.assets:rule-judge-demo:1.0-SNAPSHOT
2022-07-11 10:07:40.547  INFO 31560 --- [           main] o.d.m.CanonicalKieModuleProvider         : No executable model found for artifact cn.maitian.assets:rule-judge-demo:1.0-SNAPSHOT. Falling back to resources parsing.
2022-07-11 10:07:40.562  INFO 31560 --- [           main] o.d.c.kie.builder.impl.KieContainerImpl  : Start creation of KieBase: change
2022-07-11 10:07:42.525  INFO 31560 --- [           main] o.d.c.kie.builder.impl.KieContainerImpl  : End creation of KieBase: change
2022-07-11 10:07:43.411  INFO 31560 --- [           main] o.s.s.web.DefaultSecurityFilterChain     : Will not secure any request
2022-07-11 10:07:44.295  INFO 31560 --- [           main] o.a.coyote.http11.Http11NioProtocol      : Starting ProtocolHandler ["http-nio-9090"]
2022-07-11 10:07:44.329  INFO 31560 --- [           main] o.s.b.w.embedded.tomcat.TomcatWebServer  : Tomcat started on port(s): 9090 (http) with context path ''
2022-07-11 10:07:44.753  WARN 31560 --- [           main] d.s.r.o.OperationImplicitParameterReader : Unable to interpret the implicit parameter configuration with dataType: string, dataTypeClass: class java.lang.Void
2022-07-11 10:07:44.792  INFO 31560 --- [           main] c.maitian.bss.modules.AssetsApplication  : Started AssetsApplication in 26.977 seconds (JVM running for 30.839)
2022-07-11 10:07:46.197  INFO 31560 --- [-192.168.183.74] o.a.c.c.C.[Tomcat].[localhost].[/]       : Initializing Spring DispatcherServlet 'dispatcherServlet'
2022-07-11 10:07:46.197  INFO 31560 --- [-192.168.183.74] o.s.web.servlet.DispatcherServlet        : Initializing Servlet 'dispatcherServlet'
2022-07-11 10:07:46.202  INFO 31560 --- [-192.168.183.74] o.s.web.servlet.DispatcherServlet        : Completed initialization in 4 ms
2022-07-11 10:11:30.257  INFO 33576 --- [           main] c.maitian.bss.modules.AssetsApplication  : Starting AssetsApplication using Java 1.8.0_251 on DESKTOP-CR with PID 33576 (D:\xiaomai\workspace-idea-svn\asset\master\rule-judge-demo\target\classes started by changrui in D:\xiaomai\workspace-idea-svn\asset\master\rule-judge-demo)
2022-07-11 10:11:30.265  INFO 33576 --- [           main] c.maitian.bss.modules.AssetsApplication  : No active profile set, falling back to 1 default profile: "default"
2022-07-11 10:11:34.219  INFO 33576 --- [           main] trationDelegate$BeanPostProcessorChecker : Bean 'spring.datasource.dynamic-com.baomidou.dynamic.datasource.spring.boot.autoconfigure.DynamicDataSourceProperties' of type [com.baomidou.dynamic.datasource.spring.boot.autoconfigure.DynamicDataSourceProperties] is not eligible for getting processed by all BeanPostProcessors (for example: not eligible for auto-proxying)
2022-07-11 10:11:34.228  INFO 33576 --- [           main] trationDelegate$BeanPostProcessorChecker : Bean 'com.baomidou.dynamic.datasource.spring.boot.autoconfigure.DynamicDataSourceAutoConfiguration' of type [com.baomidou.dynamic.datasource.spring.boot.autoconfigure.DynamicDataSourceAutoConfiguration$$EnhancerBySpringCGLIB$$2527ba53] is not eligible for getting processed by all BeanPostProcessors (for example: not eligible for auto-proxying)
2022-07-11 10:11:34.413  INFO 33576 --- [           main] trationDelegate$BeanPostProcessorChecker : Bean 'dsProcessor' of type [com.baomidou.dynamic.datasource.processor.DsHeaderProcessor] is not eligible for getting processed by all BeanPostProcessors (for example: not eligible for auto-proxying)
2022-07-11 10:11:35.131  INFO 33576 --- [           main] o.s.b.w.embedded.tomcat.TomcatWebServer  : Tomcat initialized with port(s): 9090 (http)
2022-07-11 10:11:35.148  INFO 33576 --- [           main] o.a.coyote.http11.Http11NioProtocol      : Initializing ProtocolHandler ["http-nio-9090"]
2022-07-11 10:11:35.149  INFO 33576 --- [           main] o.apache.catalina.core.StandardService   : Starting service [Tomcat]
2022-07-11 10:11:35.150  INFO 33576 --- [           main] org.apache.catalina.core.StandardEngine  : Starting Servlet engine: [Apache Tomcat/9.0.60]
2022-07-11 10:11:35.522  INFO 33576 --- [           main] o.a.c.c.C.[Tomcat].[localhost].[/]       : Initializing Spring embedded WebApplicationContext
2022-07-11 10:11:35.523  INFO 33576 --- [           main] w.s.c.ServletWebServerApplicationContext : Root WebApplicationContext: initialization completed in 4554 ms
2022-07-11 10:11:38.179  INFO 33576 --- [           main] com.alibaba.druid.pool.DruidDataSource   : {dataSource-1,master} inited
2022-07-11 10:11:38.181  INFO 33576 --- [           main] c.b.d.d.DynamicRoutingDataSource         : dynamic-datasource - add a datasource named [master] success
2022-07-11 10:11:38.184  INFO 33576 --- [           main] c.b.d.d.DynamicRoutingDataSource         : dynamic-datasource initial loaded [1] datasource,primary datasource named [master]
2022-07-11 10:11:42.441  INFO 33576 --- [           main] o.s.b.a.e.web.EndpointLinksResolver      : Exposing 1 endpoint(s) beneath base path '/actuator'
2022-07-11 10:11:43.032  INFO 33576 --- [           main] o.d.c.k.b.impl.ClasspathKieProject       : Found kmodule: file:/D:/xiaomai/workspace-idea-svn/asset/master/rule-judge-demo/target/classes/META-INF/kmodule.xml
2022-07-11 10:11:43.439  WARN 33576 --- [           main] o.d.c.k.b.impl.ClasspathKieProject       : Unable to find pom.properties in /D:/xiaomai/workspace-idea-svn/asset/master/rule-judge-demo/target/classes
2022-07-11 10:11:49.123  INFO 33576 --- [           main] o.d.c.k.b.impl.ClasspathKieProject       : Recursed up folders, found and used pom.xml D:\xiaomai\workspace-idea-svn\asset\master\rule-judge-demo\pom.xml
2022-07-11 10:11:49.125  INFO 33576 --- [           main] o.d.c.k.b.i.InternalKieModuleProvider    : Creating KieModule for artifact cn.maitian.assets:rule-judge-demo:1.0-SNAPSHOT
2022-07-11 10:11:49.134  INFO 33576 --- [           main] o.d.m.CanonicalKieModuleProvider         : No executable model found for artifact cn.maitian.assets:rule-judge-demo:1.0-SNAPSHOT. Falling back to resources parsing.
2022-07-11 10:11:49.148  INFO 33576 --- [           main] o.d.c.kie.builder.impl.KieContainerImpl  : Start creation of KieBase: change
2022-07-11 10:11:50.732  INFO 33576 --- [           main] o.d.c.kie.builder.impl.KieContainerImpl  : End creation of KieBase: change
2022-07-11 10:11:51.401  INFO 33576 --- [           main] o.s.s.web.DefaultSecurityFilterChain     : Will not secure any request
2022-07-11 10:11:52.296  INFO 33576 --- [           main] o.a.coyote.http11.Http11NioProtocol      : Starting ProtocolHandler ["http-nio-9090"]
2022-07-11 10:11:52.326  INFO 33576 --- [           main] o.s.b.w.embedded.tomcat.TomcatWebServer  : Tomcat started on port(s): 9090 (http) with context path ''
2022-07-11 10:11:52.751  WARN 33576 --- [           main] d.s.r.o.OperationImplicitParameterReader : Unable to interpret the implicit parameter configuration with dataType: string, dataTypeClass: class java.lang.Void
2022-07-11 10:11:52.790  INFO 33576 --- [           main] c.maitian.bss.modules.AssetsApplication  : Started AssetsApplication in 24.3 seconds (JVM running for 27.75)
2022-07-11 10:11:54.217  INFO 33576 --- [-192.168.183.74] o.a.c.c.C.[Tomcat].[localhost].[/]       : Initializing Spring DispatcherServlet 'dispatcherServlet'
2022-07-11 10:11:54.217  INFO 33576 --- [-192.168.183.74] o.s.web.servlet.DispatcherServlet        : Initializing Servlet 'dispatcherServlet'
2022-07-11 10:11:54.222  INFO 33576 --- [-192.168.183.74] o.s.web.servlet.DispatcherServlet        : Completed initialization in 5 ms
2022-07-11 10:22:54.944  INFO 10836 --- [           main] c.maitian.bss.modules.AssetsApplication  : Starting AssetsApplication using Java 1.8.0_251 on DESKTOP-CR with PID 10836 (D:\xiaomai\workspace-idea-svn\asset\master\rule-judge-demo\target\classes started by changrui in D:\xiaomai\workspace-idea-svn\asset\master\rule-judge-demo)
2022-07-11 10:22:54.951  INFO 10836 --- [           main] c.maitian.bss.modules.AssetsApplication  : No active profile set, falling back to 1 default profile: "default"
2022-07-11 10:22:58.886  INFO 10836 --- [           main] trationDelegate$BeanPostProcessorChecker : Bean 'spring.datasource.dynamic-com.baomidou.dynamic.datasource.spring.boot.autoconfigure.DynamicDataSourceProperties' of type [com.baomidou.dynamic.datasource.spring.boot.autoconfigure.DynamicDataSourceProperties] is not eligible for getting processed by all BeanPostProcessors (for example: not eligible for auto-proxying)
2022-07-11 10:22:58.893  INFO 10836 --- [           main] trationDelegate$BeanPostProcessorChecker : Bean 'com.baomidou.dynamic.datasource.spring.boot.autoconfigure.DynamicDataSourceAutoConfiguration' of type [com.baomidou.dynamic.datasource.spring.boot.autoconfigure.DynamicDataSourceAutoConfiguration$$EnhancerBySpringCGLIB$$72dceb74] is not eligible for getting processed by all BeanPostProcessors (for example: not eligible for auto-proxying)
2022-07-11 10:22:59.186  INFO 10836 --- [           main] trationDelegate$BeanPostProcessorChecker : Bean 'dsProcessor' of type [com.baomidou.dynamic.datasource.processor.DsHeaderProcessor] is not eligible for getting processed by all BeanPostProcessors (for example: not eligible for auto-proxying)
2022-07-11 10:23:00.111  INFO 10836 --- [           main] o.s.b.w.embedded.tomcat.TomcatWebServer  : Tomcat initialized with port(s): 9090 (http)
2022-07-11 10:23:00.129  INFO 10836 --- [           main] o.a.coyote.http11.Http11NioProtocol      : Initializing ProtocolHandler ["http-nio-9090"]
2022-07-11 10:23:00.130  INFO 10836 --- [           main] o.apache.catalina.core.StandardService   : Starting service [Tomcat]
2022-07-11 10:23:00.131  INFO 10836 --- [           main] org.apache.catalina.core.StandardEngine  : Starting Servlet engine: [Apache Tomcat/9.0.60]
2022-07-11 10:23:00.554  INFO 10836 --- [           main] o.a.c.c.C.[Tomcat].[localhost].[/]       : Initializing Spring embedded WebApplicationContext
2022-07-11 10:23:00.557  INFO 10836 --- [           main] w.s.c.ServletWebServerApplicationContext : Root WebApplicationContext: initialization completed in 4999 ms
2022-07-11 10:23:03.539  INFO 10836 --- [           main] com.alibaba.druid.pool.DruidDataSource   : {dataSource-1,master} inited
2022-07-11 10:23:03.540  INFO 10836 --- [           main] c.b.d.d.DynamicRoutingDataSource         : dynamic-datasource - add a datasource named [master] success
2022-07-11 10:23:03.543  INFO 10836 --- [           main] c.b.d.d.DynamicRoutingDataSource         : dynamic-datasource initial loaded [1] datasource,primary datasource named [master]
2022-07-11 10:23:08.679  INFO 10836 --- [           main] o.s.b.a.e.web.EndpointLinksResolver      : Exposing 1 endpoint(s) beneath base path '/actuator'
2022-07-11 10:23:09.381  INFO 10836 --- [           main] o.d.c.k.b.impl.ClasspathKieProject       : Found kmodule: file:/D:/xiaomai/workspace-idea-svn/asset/master/rule-judge-demo/target/classes/META-INF/kmodule.xml
2022-07-11 10:23:09.821  WARN 10836 --- [           main] o.d.c.k.b.impl.ClasspathKieProject       : Unable to find pom.properties in /D:/xiaomai/workspace-idea-svn/asset/master/rule-judge-demo/target/classes
2022-07-11 10:23:15.794  INFO 10836 --- [           main] o.d.c.k.b.impl.ClasspathKieProject       : Recursed up folders, found and used pom.xml D:\xiaomai\workspace-idea-svn\asset\master\rule-judge-demo\pom.xml
2022-07-11 10:23:15.796  INFO 10836 --- [           main] o.d.c.k.b.i.InternalKieModuleProvider    : Creating KieModule for artifact cn.maitian.assets:rule-judge-demo:1.0-SNAPSHOT
2022-07-11 10:23:15.807  INFO 10836 --- [           main] o.d.m.CanonicalKieModuleProvider         : No executable model found for artifact cn.maitian.assets:rule-judge-demo:1.0-SNAPSHOT. Falling back to resources parsing.
2022-07-11 10:23:15.826  INFO 10836 --- [           main] o.d.c.kie.builder.impl.KieContainerImpl  : Start creation of KieBase: change
2022-07-11 10:23:17.484  INFO 10836 --- [           main] o.d.c.kie.builder.impl.KieContainerImpl  : End creation of KieBase: change
2022-07-11 10:23:18.199  INFO 10836 --- [           main] o.s.s.web.DefaultSecurityFilterChain     : Will not secure any request
2022-07-11 10:23:19.333  INFO 10836 --- [           main] o.a.coyote.http11.Http11NioProtocol      : Starting ProtocolHandler ["http-nio-9090"]
2022-07-11 10:23:19.371  INFO 10836 --- [           main] o.s.b.w.embedded.tomcat.TomcatWebServer  : Tomcat started on port(s): 9090 (http) with context path ''
2022-07-11 10:23:19.826  WARN 10836 --- [           main] d.s.r.o.OperationImplicitParameterReader : Unable to interpret the implicit parameter configuration with dataType: string, dataTypeClass: class java.lang.Void
2022-07-11 10:23:19.870  INFO 10836 --- [           main] c.maitian.bss.modules.AssetsApplication  : Started AssetsApplication in 26.248 seconds (JVM running for 30.012)
2022-07-11 10:23:21.466  INFO 10836 --- [-192.168.183.74] o.a.c.c.C.[Tomcat].[localhost].[/]       : Initializing Spring DispatcherServlet 'dispatcherServlet'
2022-07-11 10:23:21.467  INFO 10836 --- [-192.168.183.74] o.s.web.servlet.DispatcherServlet        : Initializing Servlet 'dispatcherServlet'
2022-07-11 10:23:21.471  INFO 10836 --- [-192.168.183.74] o.s.web.servlet.DispatcherServlet        : Completed initialization in 4 ms
